<?xml version="1.0" encoding="UTF-8"?>
<!-- Generated by org.testng.reporters.JUnitXMLReporter -->
<testsuite ignored="0" hostname="LAPTOP-J66Q2AT5" failures="1" tests="2" name="Flightbooking" time="49.52" errors="0" timestamp="2022-11-25T04:43:40 IST">
  <testcase classname="Framework.FlightBookingTest" name="FlightBookingTest" time="18.308">
    <failure type="java.lang.AssertionError" message="Booking Error expected [true] but found [false]">
      <![CDATA[java.lang.AssertionError: Booking Error expected [true] but found [false]
at PageObject.BookingPage.BookingDetailsPage(BookingPage.java:44)
at PageObject.FlightPage.selectFlight(FlightPage.java:168)
at PageObject.FlightPage.BookFlight(FlightPage.java:118)
at Framework.FlightBookingTest.FlightBookingTest(FlightBookingTest.java:24)
at java.base/java.util.ArrayList.forEach(ArrayList.java:1511)
... Removed 32 stack frames]]>
    </failure>
  </testcase> <!-- FlightBookingTest -->
  <testcase classname="Framework.FlightBookingTest" name="FlightBookingTest" time="9.426"/>
</testsuite> <!-- Flightbooking -->
